<?xml version="1.0" encoding="UTF-8"?>
<testng-results skipped="0" failed="0" total="1" passed="1">
  <reporter-output>
  </reporter-output>
  <suite name="Suite2" duration-ms="19" started-at="2014-05-22T14:49:41Z" finished-at="2014-05-22T14:49:41Z">
    <groups>
    </groups>
    <test name="Regression1" duration-ms="19" started-at="2014-05-22T14:49:41Z" finished-at="2014-05-22T14:49:41Z">
      <class name="com.tests.Test1">
        <test-method status="PASS" signature="ttest()" name="ttest" duration-ms="8" started-at="2014-05-22T14:49:41Z" finished-at="2014-05-22T14:49:41Z">
        </test-method>
      </class>
    </test>
  </suite>
</testng-results>
