<?xml version="1.0" encoding="UTF-8"?>
<!-- Generated by org.testng.reporters.JUnitXMLReporter -->
<testsuite hostname="har-PC" name="com.test(failed)" tests="1" failures="1" timestamp="15 May 2014 19:45:43 GMT" time="0.027" errors="0">
  <testcase name="testcase1" time="0.013" classname="com.test.Payment">
    <failure type="junit.framework.AssertionFailedError" message="expected:&amp;lt;true&amp;gt; but was:&amp;lt;false&amp;gt;">
      <![CDATA[junit.framework.AssertionFailedError: expected:<true> but was:<false>
	at junit.framework.Assert.fail(Assert.java:47)
	at junit.framework.Assert.failNotEquals(Assert.java:282)
	at junit.framework.Assert.assertEquals(Assert.java:64)
	at junit.framework.Assert.assertEquals(Assert.java:149)
	at junit.framework.Assert.assertEquals(Assert.java:155)
	at com.test.Payment.testcase1(Payment.java:18)
... Removed 24 stack frames]]>
    </failure>
  </testcase> <!-- testcase1 -->
</testsuite> <!-- com.test(failed) -->
